g:\secudp\debug\secudp.bsc
g:\secudp\debug\unix.sbr
g:\secudp\debug\unix.obj
g:\secudp\debug\callbacks.sbr
g:\secudp\debug\compress.sbr
g:\secudp\debug\host.sbr
g:\secudp\debug\list.sbr
g:\secudp\debug\packet.sbr
g:\secudp\debug\peer.sbr
g:\secudp\debug\protocol.sbr
g:\secudp\debug\win32.sbr
g:\secudp\debug\win32.obj
g:\secudp\debug\protocol.obj
g:\secudp\debug\peer.obj
g:\secudp\debug\packet.obj
g:\secudp\debug\list.obj
g:\secudp\debug\host.obj
g:\secudp\debug\compress.obj
g:\secudp\debug\callbacks.obj
g:\secudp\debug\secudp.lib
g:\secudp\.\debug\vcpkg.applocal.log
g:\secudp\debug\secudp.tlog\bscmake.command.1.tlog
g:\secudp\debug\secudp.tlog\bscmake.read.1.tlog
g:\secudp\debug\secudp.tlog\bscmake.write.1.tlog
g:\secudp\debug\secudp.tlog\cl.command.1.tlog
g:\secudp\debug\secudp.tlog\cl.read.1.tlog
g:\secudp\debug\secudp.tlog\cl.write.1.tlog
g:\secudp\debug\secudp.tlog\lib-link.read.1.tlog
g:\secudp\debug\secudp.tlog\lib-link.write.1.tlog
g:\secudp\debug\secudp.tlog\lib.command.1.tlog
g:\secudp\debug\secudp.tlog\secudp.write.1u.tlog
