This file contains any messages produced by compilers while
running configure, to aid debugging if configure makes a mistake.

It was created by secudp configure 1.0.0, which was
generated by GNU Autoconf 2.69.  Invocation command line was

  $ ./configure 

## --------- ##
## Platform. ##
## --------- ##

hostname = ip-172-31-12-57
uname -m = x86_64
uname -r = 5.4.0-1028-aws
uname -s = Linux
uname -v = #29-Ubuntu SMP Mon Oct 5 15:30:10 UTC 2020

/usr/bin/uname -p = x86_64
/bin/uname -X     = unknown

/bin/arch              = x86_64
/usr/bin/arch -k       = unknown
/usr/convex/getsysinfo = unknown
/usr/bin/hostinfo      = unknown
/bin/machine           = unknown
/usr/bin/oslevel       = unknown
/bin/universe          = unknown

PATH: /usr/local/sbin
PATH: /usr/local/bin
PATH: /usr/sbin
PATH: /usr/bin
PATH: /sbin
PATH: /bin
PATH: /usr/games
PATH: /usr/local/games
PATH: /snap/bin


## ----------- ##
## Core tests. ##
## ----------- ##

configure:2284: checking for a BSD-compatible install
configure:2352: result: /usr/bin/install -c
configure:2363: checking whether build environment is sane
configure:2418: result: yes
configure:2567: checking for a thread-safe mkdir -p
configure:2606: result: /usr/bin/mkdir -p
configure:2613: checking for gawk
configure:2629: found /usr/bin/gawk
configure:2640: result: gawk
configure:2651: checking whether make sets $(MAKE)
configure:2673: result: yes
configure:2702: checking whether make supports nested variables
configure:2719: result: yes
configure:2896: checking for gcc
configure:2912: found /usr/bin/gcc
configure:2923: result: gcc
configure:3152: checking for C compiler version
configure:3161: gcc --version >&5
gcc (Ubuntu 9.3.0-17ubuntu1~20.04) 9.3.0
Copyright (C) 2019 Free Software Foundation, Inc.
This is free software; see the source for copying conditions.  There is NO
warranty; not even for MERCHANTABILITY or FITNESS FOR A PARTICULAR PURPOSE.

configure:3172: $? = 0
configure:3161: gcc -v >&5
Using built-in specs.
COLLECT_GCC=gcc
COLLECT_LTO_WRAPPER=/usr/lib/gcc/x86_64-linux-gnu/9/lto-wrapper
OFFLOAD_TARGET_NAMES=nvptx-none:hsa
OFFLOAD_TARGET_DEFAULT=1
Target: x86_64-linux-gnu
Configured with: ../src/configure -v --with-pkgversion='Ubuntu 9.3.0-17ubuntu1~20.04' --with-bugurl=file:///usr/share/doc/gcc-9/README.Bugs --enable-languages=c,ada,c++,go,brig,d,fortran,objc,obj-c++,gm2 --prefix=/usr --with-gcc-major-version-only --program-suffix=-9 --program-prefix=x86_64-linux-gnu- --enable-shared --enable-linker-build-id --libexecdir=/usr/lib --without-included-gettext --enable-threads=posix --libdir=/usr/lib --enable-nls --enable-clocale=gnu --enable-libstdcxx-debug --enable-libstdcxx-time=yes --with-default-libstdcxx-abi=new --enable-gnu-unique-object --disable-vtable-verify --enable-plugin --enable-default-pie --with-system-zlib --with-target-system-zlib=auto --enable-objc-gc=auto --enable-multiarch --disable-werror --with-arch-32=i686 --with-abi=m64 --with-multilib-list=m32,m64,mx32 --enable-multilib --with-tune=generic --enable-offload-targets=nvptx-none=/build/gcc-9-HskZEa/gcc-9-9.3.0/debian/tmp-nvptx/usr,hsa --without-cuda-driver --enable-checking=release --build=x86_64-linux-gnu --host=x86_64-linux-gnu --target=x86_64-linux-gnu
Thread model: posix
gcc version 9.3.0 (Ubuntu 9.3.0-17ubuntu1~20.04) 
configure:3172: $? = 0
configure:3161: gcc -V >&5
gcc: error: unrecognized command line option '-V'
gcc: fatal error: no input files
compilation terminated.
configure:3172: $? = 1
configure:3161: gcc -qversion >&5
gcc: error: unrecognized command line option '-qversion'; did you mean '--version'?
gcc: fatal error: no input files
compilation terminated.
configure:3172: $? = 1
configure:3192: checking whether the C compiler works
configure:3214: gcc    conftest.c  >&5
configure:3218: $? = 0
configure:3266: result: yes
configure:3269: checking for C compiler default output file name
configure:3271: result: a.out
configure:3277: checking for suffix of executables
configure:3284: gcc -o conftest    conftest.c  >&5
configure:3288: $? = 0
configure:3310: result: 
configure:3332: checking whether we are cross compiling
configure:3340: gcc -o conftest    conftest.c  >&5
configure:3344: $? = 0
configure:3351: ./conftest
configure:3355: $? = 0
configure:3343: result: no
configure:3348: checking for suffix of object files
configure:3370: gcc -c   conftest.c >&5
configure:3374: $? = 0
configure:3395: result: o
configure:3399: checking whether we are using the GNU C compiler
configure:3418: gcc -c   conftest.c >&5
configure:3418: $? = 0
configure:3427: result: yes
configure:3436: checking whether gcc accepts -g
configure:3456: gcc -c -g  conftest.c >&5
configure:3456: $? = 0
configure:3497: result: yes
configure:3514: checking for gcc option to accept ISO C89
configure:3577: gcc  -c -g -O2  conftest.c >&5
configure:3577: $? = 0
configure:3590: result: none needed
configure:3615: checking whether gcc understands -c and -o together
configure:3637: gcc -c conftest.c -o conftest2.o
configure:3640: $? = 0
configure:3637: gcc -c conftest.c -o conftest2.o
configure:3640: $? = 0
configure:3652: result: yes
configure:3672: checking whether make supports the include directive
configure:3687: make -f confmf.GNU && cat confinc.out
this is the am__doit target
configure:3690: $? = 0
configure:3709: result: yes (GNU style)
configure:3734: checking dependency style of gcc
configure:3845: result: gcc3
configure:3889: checking build system type
configure:3903: result: x86_64-pc-linux-gnu
configure:3923: checking host system type
configure:3936: result: x86_64-pc-linux-gnu
configure:3977: checking how to print strings
configure:4004: result: printf
configure:4025: checking for a sed that does not truncate output
configure:4089: result: /usr/bin/sed
configure:4107: checking for grep that handles long lines and -e
configure:4165: result: /usr/bin/grep
configure:4170: checking for egrep
configure:4232: result: /usr/bin/grep -E
configure:4237: checking for fgrep
configure:4299: result: /usr/bin/grep -F
configure:4334: checking for ld used by gcc
configure:4401: result: /usr/bin/ld
configure:4408: checking if the linker (/usr/bin/ld) is GNU ld
configure:4423: result: yes
configure:4435: checking for BSD- or MS-compatible name lister (nm)
configure:4489: result: /usr/bin/nm -B
configure:4619: checking the name lister (/usr/bin/nm -B) interface
configure:4626: gcc -c -g -O2  conftest.c >&5
configure:4629: /usr/bin/nm -B "conftest.o"
configure:4632: output
0000000000000000 B some_variable
configure:4633: result: BSD nm
configure:4636: checking whether ln -s works
configure:4640: result: yes
configure:4648: checking the maximum length of command line arguments
configure:4779: result: 1572864
configure:4827: checking how to convert x86_64-pc-linux-gnu file names to x86_64-pc-linux-gnu format
configure:4867: result: func_convert_file_noop
configure:4874: checking how to convert x86_64-pc-linux-gnu file names to toolchain format
configure:4894: result: func_convert_file_noop
configure:4901: checking for /usr/bin/ld option to reload object files
configure:4908: result: -r
configure:4982: checking for objdump
configure:4998: found /usr/bin/objdump
configure:5009: result: objdump
configure:5041: checking how to recognize dependent libraries
configure:5241: result: pass_all
configure:5326: checking for dlltool
configure:5356: result: no
configure:5386: checking how to associate runtime and link libraries
configure:5413: result: printf %s\n
configure:5474: checking for ar
configure:5490: found /usr/bin/ar
configure:5501: result: ar
configure:5538: checking for archiver @FILE support
configure:5555: gcc -c -g -O2  conftest.c >&5
configure:5555: $? = 0
configure:5558: ar cr libconftest.a @conftest.lst >&5
configure:5561: $? = 0
configure:5566: ar cr libconftest.a @conftest.lst >&5
ar: conftest.o: No such file or directory
configure:5569: $? = 1
configure:5568: result: @
configure:5626: checking for strip
configure:5642: found /usr/bin/strip
configure:5653: result: strip
configure:5725: checking for ranlib
configure:5741: found /usr/bin/ranlib
configure:5752: result: ranlib
configure:5854: checking command to parse /usr/bin/nm -B output from gcc object
configure:6007: gcc -c -g -O2  conftest.c >&5
configure:6010: $? = 0
configure:6014: /usr/bin/nm -B conftest.o | sed -n -e 's/^.*[	 ]\([ABCDGIRSTW][ABCDGIRSTW]*\)[	 ][	 ]*\([_A-Za-z][_A-Za-z0-9]*\)$/\1 \2 \2/p' | sed '/ __gnu_lto/d' > conftest.nm
configure:6080: gcc -o conftest -g -O2   conftest.c conftstm.o >&5
configure:6083: $? = 0
configure:6121: result: ok
configure:6168: checking for sysroot
configure:6198: result: no
configure:6205: checking for a working dd
configure:6243: result: /usr/bin/dd
configure:6247: checking how to truncate binary pipes
configure:6262: result: /usr/bin/dd bs=4096 count=1
configure:6398: gcc -c -g -O2  conftest.c >&5
configure:6401: $? = 0
configure:6591: checking for mt
configure:6607: found /usr/bin/mt
configure:6618: result: mt
configure:6641: checking if mt is a manifest tool
configure:6647: mt '-?'
configure:6655: result: no
configure:7332: checking how to run the C preprocessor
configure:7363: gcc -E  conftest.c
configure:7363: $? = 0
configure:7377: gcc -E  conftest.c
conftest.c:11:10: fatal error: ac_nonexistent.h: No such file or directory
   11 | #include <ac_nonexistent.h>
      |          ^~~~~~~~~~~~~~~~~~
compilation terminated.
configure:7377: $? = 1
configure: failed program was:
| /* confdefs.h */
| #define PACKAGE_NAME "secudp"
| #define PACKAGE_TARNAME "secudp"
| #define PACKAGE_VERSION "1.0.0"
| #define PACKAGE_STRING "secudp 1.0.0"
| #define PACKAGE_BUGREPORT ""
| #define PACKAGE_URL ""
| #define PACKAGE "secudp"
| #define VERSION "1.0.0"
| /* end confdefs.h.  */
| #include <ac_nonexistent.h>
configure:7402: result: gcc -E
configure:7422: gcc -E  conftest.c
configure:7422: $? = 0
configure:7436: gcc -E  conftest.c
conftest.c:11:10: fatal error: ac_nonexistent.h: No such file or directory
   11 | #include <ac_nonexistent.h>
      |          ^~~~~~~~~~~~~~~~~~
compilation terminated.
configure:7436: $? = 1
configure: failed program was:
| /* confdefs.h */
| #define PACKAGE_NAME "secudp"
| #define PACKAGE_TARNAME "secudp"
| #define PACKAGE_VERSION "1.0.0"
| #define PACKAGE_STRING "secudp 1.0.0"
| #define PACKAGE_BUGREPORT ""
| #define PACKAGE_URL ""
| #define PACKAGE "secudp"
| #define VERSION "1.0.0"
| /* end confdefs.h.  */
| #include <ac_nonexistent.h>
configure:7465: checking for ANSI C header files
configure:7485: gcc -c -g -O2  conftest.c >&5
configure:7485: $? = 0
configure:7558: gcc -o conftest -g -O2   conftest.c  >&5
configure:7558: $? = 0
configure:7558: ./conftest
configure:7558: $? = 0
configure:7569: result: yes
configure:7582: checking for sys/types.h
configure:7582: gcc -c -g -O2  conftest.c >&5
configure:7582: $? = 0
configure:7582: result: yes
configure:7582: checking for sys/stat.h
configure:7582: gcc -c -g -O2  conftest.c >&5
configure:7582: $? = 0
configure:7582: result: yes
configure:7582: checking for stdlib.h
configure:7582: gcc -c -g -O2  conftest.c >&5
configure:7582: $? = 0
configure:7582: result: yes
configure:7582: checking for string.h
configure:7582: gcc -c -g -O2  conftest.c >&5
configure:7582: $? = 0
configure:7582: result: yes
configure:7582: checking for memory.h
configure:7582: gcc -c -g -O2  conftest.c >&5
configure:7582: $? = 0
configure:7582: result: yes
configure:7582: checking for strings.h
configure:7582: gcc -c -g -O2  conftest.c >&5
configure:7582: $? = 0
configure:7582: result: yes
configure:7582: checking for inttypes.h
configure:7582: gcc -c -g -O2  conftest.c >&5
configure:7582: $? = 0
configure:7582: result: yes
configure:7582: checking for stdint.h
configure:7582: gcc -c -g -O2  conftest.c >&5
configure:7582: $? = 0
configure:7582: result: yes
configure:7582: checking for unistd.h
configure:7582: gcc -c -g -O2  conftest.c >&5
configure:7582: $? = 0
configure:7582: result: yes
configure:7596: checking for dlfcn.h
configure:7596: gcc -c -g -O2  conftest.c >&5
configure:7596: $? = 0
configure:7596: result: yes
configure:7852: checking for objdir
configure:7867: result: .libs
configure:8131: checking if gcc supports -fno-rtti -fno-exceptions
configure:8149: gcc -c -g -O2  -fno-rtti -fno-exceptions conftest.c >&5
cc1: warning: command line option '-fno-rtti' is valid for C++/D/ObjC++ but not for C
configure:8153: $? = 0
configure:8166: result: no
configure:8530: checking for gcc option to produce PIC
configure:8537: result: -fPIC -DPIC
configure:8545: checking if gcc PIC flag -fPIC -DPIC works
configure:8563: gcc -c -g -O2  -fPIC -DPIC -DPIC conftest.c >&5
configure:8567: $? = 0
configure:8580: result: yes
configure:8609: checking if gcc static flag -static works
configure:8637: result: yes
configure:8652: checking if gcc supports -c -o file.o
configure:8673: gcc -c -g -O2  -o out/conftest2.o conftest.c >&5
configure:8677: $? = 0
configure:8699: result: yes
configure:8707: checking if gcc supports -c -o file.o
configure:8754: result: yes
configure:8787: checking whether the gcc linker (/usr/bin/ld -m elf_x86_64) supports shared libraries
configure:10050: result: yes
configure:10087: checking whether -lc should be explicitly linked in
configure:10095: gcc -c -g -O2  conftest.c >&5
configure:10098: $? = 0
configure:10113: gcc -shared  -fPIC -DPIC conftest.o  -v -Wl,-soname -Wl,conftest -o conftest 2\>\&1 \| /usr/bin/grep  -lc  \>/dev/null 2\>\&1
configure:10116: $? = 0
configure:10130: result: no
configure:10290: checking dynamic linker characteristics
configure:10871: gcc -o conftest -g -O2   -Wl,-rpath -Wl,/foo conftest.c  >&5
configure:10871: $? = 0
configure:11120: result: GNU/Linux ld.so
configure:11242: checking how to hardcode library paths into programs
configure:11267: result: immediate
configure:11815: checking whether stripping libraries is possible
configure:11820: result: yes
configure:11855: checking if libtool supports shared libraries
configure:11857: result: yes
configure:11860: checking whether to build shared libraries
configure:11885: result: yes
configure:11888: checking whether to build static libraries
configure:11892: result: yes
configure:8706: checking for getaddrinfo
configure:8706: gcc -o conftest -g -O2   conftest.c  >&5
configure:8706: $? = 0
configure:8706: result: yes
configure:8712: checking for getnameinfo
configure:8712: gcc -o conftest -g -O2   conftest.c  >&5
configure:8712: $? = 0
configure:8712: result: yes
configure:8718: checking for gethostbyaddr_r
configure:8718: gcc -o conftest -g -O2   conftest.c  >&5
configure:8718: $? = 0
configure:8718: result: yes
configure:8724: checking for gethostbyname_r
configure:8724: gcc -o conftest -g -O2   conftest.c  >&5
configure:8724: $? = 0
configure:8724: result: yes
configure:8730: checking for poll
configure:8730: gcc -o conftest -g -O2   conftest.c  >&5
configure:8730: $? = 0
configure:8730: result: yes
configure:8736: checking for fcntl
configure:8736: gcc -o conftest -g -O2   conftest.c  >&5
configure:8736: $? = 0
configure:8736: result: yes
configure:8742: checking for inet_pton
configure:8742: gcc -o conftest -g -O2   conftest.c  >&5
configure:8742: $? = 0
configure:8742: result: yes
configure:8748: checking for inet_ntop
configure:8748: gcc -o conftest -g -O2   conftest.c  >&5
configure:8748: $? = 0
configure:8748: result: yes
configure:8755: checking for struct msghdr.msg_flags
configure:8755: gcc -c -g -O2  conftest.c >&5
configure:8755: $? = 0
configure:8755: result: yes
configure:8763: checking for socklen_t
configure:8763: gcc -c -g -O2  conftest.c >&5
configure:8763: $? = 0
configure:8763: gcc -c -g -O2  conftest.c >&5
conftest.c: In function 'main':
conftest.c:39:24: error: expected expression before ')' token
   39 | if (sizeof ((socklen_t)))
      |                        ^
configure:8763: $? = 1
configure: failed program was:
| /* confdefs.h */
| #define PACKAGE_NAME "secudp"
| #define PACKAGE_TARNAME "secudp"
| #define PACKAGE_VERSION "1.0.0"
| #define PACKAGE_STRING "secudp 1.0.0"
| #define PACKAGE_BUGREPORT ""
| #define PACKAGE_URL ""
| #define PACKAGE "secudp"
| #define VERSION "1.0.0"
| #define STDC_HEADERS 1
| #define HAVE_SYS_TYPES_H 1
| #define HAVE_SYS_STAT_H 1
| #define HAVE_STDLIB_H 1
| #define HAVE_STRING_H 1
| #define HAVE_MEMORY_H 1
| #define HAVE_STRINGS_H 1
| #define HAVE_INTTYPES_H 1
| #define HAVE_STDINT_H 1
| #define HAVE_UNISTD_H 1
| #define HAVE_DLFCN_H 1
| #define LT_OBJDIR ".libs/"
| #define HAS_GETADDRINFO 1
| #define HAS_GETNAMEINFO 1
| #define HAS_GETHOSTBYADDR_R 1
| #define HAS_GETHOSTBYNAME_R 1
| #define HAS_POLL 1
| #define HAS_FCNTL 1
| #define HAS_INET_PTON 1
| #define HAS_INET_NTOP 1
| #define HAS_MSGHDR_FLAGS 1
| /* end confdefs.h.  */
| #include <sys/types.h>
|               #include <sys/socket.h>
| 
| 
| int
| main ()
| {
| if (sizeof ((socklen_t)))
| 	    return 0;
|   ;
|   return 0;
| }
configure:8763: result: yes
configure:8912: checking that generated files are newer than configure
configure:8918: result: done
configure:8941: creating ./config.status

## ---------------------- ##
## Running config.status. ##
## ---------------------- ##

This file was extended by secudp config.status 1.0.0, which was
generated by GNU Autoconf 2.69.  Invocation command line was

  CONFIG_FILES    = 
  CONFIG_HEADERS  = 
  CONFIG_LINKS    = 
  CONFIG_COMMANDS = 
  $ ./config.status 

on ip-172-31-12-57

config.status:1005: creating Makefile
config.status:1005: creating secudp.pc
config.status:1177: executing depfiles commands
config.status:1254: cd .       && sed -e '/# am--include-marker/d' Makefile         | make -f - am--depfiles
config.status:1259: $? = 0
config.status:1177: executing libtool commands

## ---------------- ##
## Cache variables. ##
## ---------------- ##

ac_cv_build=x86_64-pc-linux-gnu
ac_cv_c_compiler_gnu=yes
ac_cv_env_CC_set=
ac_cv_env_CC_value=
ac_cv_env_CFLAGS_set=
ac_cv_env_CFLAGS_value=
ac_cv_env_CPPFLAGS_set=
ac_cv_env_CPPFLAGS_value=
ac_cv_env_CPP_set=
ac_cv_env_CPP_value=
ac_cv_env_LDFLAGS_set=
ac_cv_env_LDFLAGS_value=
ac_cv_env_LIBS_set=
ac_cv_env_LIBS_value=
ac_cv_env_LT_SYS_LIBRARY_PATH_set=
ac_cv_env_LT_SYS_LIBRARY_PATH_value=
ac_cv_env_build_alias_set=
ac_cv_env_build_alias_value=
ac_cv_env_host_alias_set=
ac_cv_env_host_alias_value=
ac_cv_env_target_alias_set=
ac_cv_env_target_alias_value=
ac_cv_func_fcntl=yes
ac_cv_func_getaddrinfo=yes
ac_cv_func_gethostbyaddr_r=yes
ac_cv_func_gethostbyname_r=yes
ac_cv_func_getnameinfo=yes
ac_cv_func_inet_ntop=yes
ac_cv_func_inet_pton=yes
ac_cv_func_poll=yes
ac_cv_header_dlfcn_h=yes
ac_cv_header_inttypes_h=yes
ac_cv_header_memory_h=yes
ac_cv_header_stdc=yes
ac_cv_header_stdint_h=yes
ac_cv_header_stdlib_h=yes
ac_cv_header_string_h=yes
ac_cv_header_strings_h=yes
ac_cv_header_sys_stat_h=yes
ac_cv_header_sys_types_h=yes
ac_cv_header_unistd_h=yes
ac_cv_host=x86_64-pc-linux-gnu
ac_cv_member_struct_msghdr_msg_flags=yes
ac_cv_objext=o
ac_cv_path_EGREP='/usr/bin/grep -E'
ac_cv_path_FGREP='/usr/bin/grep -F'
ac_cv_path_GREP=/usr/bin/grep
ac_cv_path_SED=/usr/bin/sed
ac_cv_path_install='/usr/bin/install -c'
ac_cv_path_lt_DD=/usr/bin/dd
ac_cv_path_mkdir=/usr/bin/mkdir
ac_cv_prog_AWK=gawk
ac_cv_prog_CPP='gcc -E'
ac_cv_prog_ac_ct_AR=ar
ac_cv_prog_ac_ct_CC=gcc
ac_cv_prog_ac_ct_MANIFEST_TOOL=mt
ac_cv_prog_ac_ct_OBJDUMP=objdump
ac_cv_prog_ac_ct_RANLIB=ranlib
ac_cv_prog_ac_ct_STRIP=strip
ac_cv_prog_cc_c89=
ac_cv_prog_cc_g=yes
ac_cv_prog_make_make_set=yes
ac_cv_type_socklen_t=yes
am_cv_CC_dependencies_compiler_type=gcc3
am_cv_make_support_nested_variables=yes
am_cv_prog_cc_c_o=yes
lt_cv_ar_at_file=@
lt_cv_archive_cmds_need_lc=no
lt_cv_deplibs_check_method=pass_all
lt_cv_file_magic_cmd='$MAGIC_CMD'
lt_cv_file_magic_test_file=
lt_cv_ld_reload_flag=-r
lt_cv_nm_interface='BSD nm'
lt_cv_objdir=.libs
lt_cv_path_LD=/usr/bin/ld
lt_cv_path_NM='/usr/bin/nm -B'
lt_cv_path_mainfest_tool=no
lt_cv_prog_compiler_c_o=yes
lt_cv_prog_compiler_pic='-fPIC -DPIC'
lt_cv_prog_compiler_pic_works=yes
lt_cv_prog_compiler_rtti_exceptions=no
lt_cv_prog_compiler_static_works=yes
lt_cv_prog_gnu_ld=yes
lt_cv_sharedlib_from_linklib_cmd='printf %s\n'
lt_cv_shlibpath_overrides_runpath=yes
lt_cv_sys_global_symbol_pipe='sed -n -e '\''s/^.*[	 ]\([ABCDGIRSTW][ABCDGIRSTW]*\)[	 ][	 ]*\([_A-Za-z][_A-Za-z0-9]*\)$/\1 \2 \2/p'\'' | sed '\''/ __gnu_lto/d'\'''
lt_cv_sys_global_symbol_to_c_name_address='sed -n -e '\''s/^: \(.*\) .*$/  {"\1", (void *) 0},/p'\'' -e '\''s/^[ABCDGIRSTW][ABCDGIRSTW]* .* \(.*\)$/  {"\1", (void *) \&\1},/p'\'''
lt_cv_sys_global_symbol_to_c_name_address_lib_prefix='sed -n -e '\''s/^: \(.*\) .*$/  {"\1", (void *) 0},/p'\'' -e '\''s/^[ABCDGIRSTW][ABCDGIRSTW]* .* \(lib.*\)$/  {"\1", (void *) \&\1},/p'\'' -e '\''s/^[ABCDGIRSTW][ABCDGIRSTW]* .* \(.*\)$/  {"lib\1", (void *) \&\1},/p'\'''
lt_cv_sys_global_symbol_to_cdecl='sed -n -e '\''s/^T .* \(.*\)$/extern int \1();/p'\'' -e '\''s/^[ABCDGIRSTW][ABCDGIRSTW]* .* \(.*\)$/extern char \1;/p'\'''
lt_cv_sys_global_symbol_to_import=
lt_cv_sys_max_cmd_len=1572864
lt_cv_to_host_file_cmd=func_convert_file_noop
lt_cv_to_tool_file_cmd=func_convert_file_noop
lt_cv_truncate_bin='/usr/bin/dd bs=4096 count=1'

## ----------------- ##
## Output variables. ##
## ----------------- ##

ACLOCAL='${SHELL} /home/ubuntu/secudp/missing aclocal-1.16'
AMDEPBACKSLASH='\'
AMDEP_FALSE='#'
AMDEP_TRUE=''
AMTAR='$${TAR-tar}'
AM_BACKSLASH='\'
AM_DEFAULT_V='$(AM_DEFAULT_VERBOSITY)'
AM_DEFAULT_VERBOSITY='1'
AM_V='$(V)'
AR='ar'
AUTOCONF='${SHELL} /home/ubuntu/secudp/missing autoconf'
AUTOHEADER='${SHELL} /home/ubuntu/secudp/missing autoheader'
AUTOMAKE='${SHELL} /home/ubuntu/secudp/missing automake-1.16'
AWK='gawk'
CC='gcc'
CCDEPMODE='depmode=gcc3'
CFLAGS='-g -O2'
CPP='gcc -E'
CPPFLAGS=''
CYGPATH_W='echo'
DEFS='-DPACKAGE_NAME=\"secudp\" -DPACKAGE_TARNAME=\"secudp\" -DPACKAGE_VERSION=\"1.0.0\" -DPACKAGE_STRING=\"secudp\ 1.0.0\" -DPACKAGE_BUGREPORT=\"\" -DPACKAGE_URL=\"\" -DPACKAGE=\"secudp\" -DVERSION=\"1.0.0\" -DSTDC_HEADERS=1 -DHAVE_SYS_TYPES_H=1 -DHAVE_SYS_STAT_H=1 -DHAVE_STDLIB_H=1 -DHAVE_STRING_H=1 -DHAVE_MEMORY_H=1 -DHAVE_STRINGS_H=1 -DHAVE_INTTYPES_H=1 -DHAVE_STDINT_H=1 -DHAVE_UNISTD_H=1 -DHAVE_DLFCN_H=1 -DLT_OBJDIR=\".libs/\" -DHAS_GETADDRINFO=1 -DHAS_GETNAMEINFO=1 -DHAS_GETHOSTBYADDR_R=1 -DHAS_GETHOSTBYNAME_R=1 -DHAS_POLL=1 -DHAS_FCNTL=1 -DHAS_INET_PTON=1 -DHAS_INET_NTOP=1 -DHAS_MSGHDR_FLAGS=1 -DHAS_SOCKLEN_T=1'
DEPDIR='.deps'
DLLTOOL='false'
DSYMUTIL=''
DUMPBIN=''
ECHO_C=''
ECHO_N='-n'
ECHO_T=''
EGREP='/usr/bin/grep -E'
EXEEXT=''
FGREP='/usr/bin/grep -F'
GREP='/usr/bin/grep'
INSTALL_DATA='${INSTALL} -m 644'
INSTALL_PROGRAM='${INSTALL}'
INSTALL_SCRIPT='${INSTALL}'
INSTALL_STRIP_PROGRAM='$(install_sh) -c -s'
LD='/usr/bin/ld -m elf_x86_64'
LDFLAGS=''
LIBOBJS=''
LIBS=''
LIBTOOL='$(SHELL) $(top_builddir)/libtool'
LIPO=''
LN_S='ln -s'
LTLIBOBJS=''
LT_SYS_LIBRARY_PATH=''
MAKEINFO='${SHELL} /home/ubuntu/secudp/missing makeinfo'
MANIFEST_TOOL=':'
MKDIR_P='/usr/bin/mkdir -p'
NM='/usr/bin/nm -B'
NMEDIT=''
OBJDUMP='objdump'
OBJEXT='o'
OTOOL64=''
OTOOL=''
PACKAGE='secudp'
PACKAGE_BUGREPORT=''
PACKAGE_NAME='secudp'
PACKAGE_STRING='secudp 1.0.0'
PACKAGE_TARNAME='secudp'
PACKAGE_URL=''
PACKAGE_VERSION='1.0.0'
PATH_SEPARATOR=':'
RANLIB='ranlib'
SED='/usr/bin/sed'
SET_MAKE=''
SHELL='/bin/bash'
STRIP='strip'
VERSION='1.0.0'
ac_ct_AR='ar'
ac_ct_CC='gcc'
ac_ct_DUMPBIN=''
am__EXEEXT_FALSE=''
am__EXEEXT_TRUE='#'
am__fastdepCC_FALSE='#'
am__fastdepCC_TRUE=''
am__include='include'
am__isrc=''
am__leading_dot='.'
am__nodep='_no'
am__quote=''
am__tar='$${TAR-tar} chof - "$$tardir"'
am__untar='$${TAR-tar} xf -'
bindir='${exec_prefix}/bin'
build='x86_64-pc-linux-gnu'
build_alias=''
build_cpu='x86_64'
build_os='linux-gnu'
build_vendor='pc'
datadir='${datarootdir}'
datarootdir='${prefix}/share'
docdir='${datarootdir}/doc/${PACKAGE_TARNAME}'
dvidir='${docdir}'
exec_prefix='${prefix}'
host='x86_64-pc-linux-gnu'
host_alias=''
host_cpu='x86_64'
host_os='linux-gnu'
host_vendor='pc'
htmldir='${docdir}'
includedir='${prefix}/include'
infodir='${datarootdir}/info'
install_sh='${SHELL} /home/ubuntu/secudp/install-sh'
libdir='${exec_prefix}/lib'
libexecdir='${exec_prefix}/libexec'
localedir='${datarootdir}/locale'
localstatedir='${prefix}/var'
mandir='${datarootdir}/man'
mkdir_p='$(MKDIR_P)'
oldincludedir='/usr/include'
pdfdir='${docdir}'
prefix='/usr/local'
program_transform_name='s,x,x,'
psdir='${docdir}'
runstatedir='${localstatedir}/run'
sbindir='${exec_prefix}/sbin'
sharedstatedir='${prefix}/com'
sysconfdir='${prefix}/etc'
target_alias=''

## ----------- ##
## confdefs.h. ##
## ----------- ##

/* confdefs.h */
#define PACKAGE_NAME "secudp"
#define PACKAGE_TARNAME "secudp"
#define PACKAGE_VERSION "1.0.0"
#define PACKAGE_STRING "secudp 1.0.0"
#define PACKAGE_BUGREPORT ""
#define PACKAGE_URL ""
#define PACKAGE "secudp"
#define VERSION "1.0.0"
#define STDC_HEADERS 1
#define HAVE_SYS_TYPES_H 1
#define HAVE_SYS_STAT_H 1
#define HAVE_STDLIB_H 1
#define HAVE_STRING_H 1
#define HAVE_MEMORY_H 1
#define HAVE_STRINGS_H 1
#define HAVE_INTTYPES_H 1
#define HAVE_STDINT_H 1
#define HAVE_UNISTD_H 1
#define HAVE_DLFCN_H 1
#define LT_OBJDIR ".libs/"
#define HAS_GETADDRINFO 1
#define HAS_GETNAMEINFO 1
#define HAS_GETHOSTBYADDR_R 1
#define HAS_GETHOSTBYNAME_R 1
#define HAS_POLL 1
#define HAS_FCNTL 1
#define HAS_INET_PTON 1
#define HAS_INET_NTOP 1
#define HAS_MSGHDR_FLAGS 1
#define HAS_SOCKLEN_T 1

configure: exit 0
