  ConfigurationType : StaticLibrary
  Configuration     : ReleaseLTCG
  PlatformToolset   : v142
  TargetPath        : G:\secudp\libsodium\builds\msvc\vs2019\libsodium\..\..\..\..\bin\Win32\Release\v142\ltcg\libsodium.lib
  Will copy G:\secudp\libsodium\builds\msvc\vs2019\libsodium\..\..\version.h -> G:\secudp\libsodium\builds\msvc\vs2019\libsodium\..\..\..\..\src\libsodium\include\sodium\version.h
  Option-amd64asm   : 
          1 file(s) copied.
  crypto_generichash.c
  generichash_blake2.c
  blake2b-compress-ref.c
  blake2b-compress-ssse3.c
  blake2b-compress-avx2.c
  blake2b-compress-sse41.c
  generichash_blake2b.c
  blake2b-ref.c
  crypto_kx.c
  crypto_sign.c
  sign_ed25519.c
  obsolete.c
  sign.c
  keypair.c
  open.c
  crypto_secretbox.c
  crypto_secretbox_easy.c
  secretbox_xsalsa20poly1305.c
  secretbox_xchacha20poly1305.c
  crypto_pwhash.c
  blake2b-long.c
  argon2-core.c
  argon2-fill-block-avx512f.c
  argon2-fill-block-ref.c
  argon2-fill-block-ssse3.c
  pwhash_argon2i.c
  pwhash_argon2id.c
  argon2.c
  argon2-fill-block-avx2.c
  argon2-encoding.c
  scrypt_platform.c
  crypto_scrypt-common.c
  pwhash_scryptsalsa208sha256.c
  pbkdf2-sha256.c
  pwhash_scryptsalsa208sha256_nosse.c
  pwhash_scryptsalsa208sha256_sse.c
  verify.c
  crypto_auth.c
G:\secudp\libsodium\src\libsodium\crypto_verify\sodium\verify.c(68,52): warning C4197: 'volatile const unsigned char *volatile ': top-level volatile in cast is ignored
G:\secudp\libsodium\src\libsodium\crypto_verify\sodium\verify.c(70,52): warning C4197: 'volatile const unsigned char *volatile ': top-level volatile in cast is ignored
  auth_hmacsha512.c
  auth_hmacsha512256.c
  auth_hmacsha256.c
  crypto_kdf.c
  kdf_blake2b.c
  crypto_shorthash.c
  shorthash_siphash24.c
  shorthash_siphashx24.c
  shorthash_siphashx24_ref.c
  shorthash_siphash24_ref.c
  crypto_scalarmult.c
  scalarmult_ristretto255_ref10.c
  scalarmult_ed25519_ref10.c
  scalarmult_curve25519.c
  curve25519_sandy2x.c
  fe_frombytes_sandy2x.c
  fe51_invert.c
  x25519_ref10.c
  crypto_onetimeauth.c
  onetimeauth_poly1305.c
  poly1305_donna.c
  poly1305_sse2.c
  randombytes.c
  randombytes_sysrandom.c
  randombytes_internal_random.c
  crypto_box_easy.c
  crypto_box_seal.c
  crypto_box.c
  box_curve25519xsalsa20poly1305.c
  box_curve25519xchacha20poly1305.c
  box_seal_curve25519xchacha20poly1305.c
  codecs.c
  runtime.c
  core.c
  utils.c
  version.c
  crypto_stream.c
  stream_xchacha20.c
  stream_chacha20.c
  chacha20_ref.c
  chacha20_dolbeau-avx2.c
  chacha20_dolbeau-ssse3.c
  stream_salsa20.c
  salsa20_ref.c
  salsa20_xmm6int-avx2.c
  salsa20_xmm6int-sse2.c
  salsa20_xmm6.c
  stream_salsa2012.c
  stream_salsa2012_ref.c
  stream_salsa208.c
  stream_salsa208_ref.c
  stream_xsalsa20.c
  crypto_hash.c
  hash_sha512.c
  hash_sha512_cp.c
  hash_sha256.c
  hash_sha256_cp.c
  aead_xchacha20poly1305.c
  aead_aes256gcm_aesni.c
  aead_chacha20poly1305.c
  secretstream_xchacha20poly1305.c
  core_salsa_ref.c
  core_hchacha20.c
G:\secudp\libsodium\src\libsodium\sodium\utils.c(169,53): warning C4197: 'volatile const unsigned char *volatile ': top-level volatile in cast is ignored
G:\secudp\libsodium\src\libsodium\sodium\utils.c(171,53): warning C4197: 'volatile const unsigned char *volatile ': top-level volatile in cast is ignored
G:\secudp\libsodium\src\libsodium\sodium\utils.c(209,53): warning C4197: 'volatile const unsigned char *volatile ': top-level volatile in cast is ignored
G:\secudp\libsodium\src\libsodium\sodium\utils.c(211,53): warning C4197: 'volatile const unsigned char *volatile ': top-level volatile in cast is ignored
  core_hsalsa20.c
  core_hsalsa20_ref2.c
  core_ed25519.c
  core_ristretto255.c
  ed25519_ref10.c
  libsodium.vcxproj -> G:\secudp\libsodium\builds\msvc\vs2019\libsodium\..\..\..\..\bin\Win32\Release\v142\ltcg\libsodium.lib
