g:\secudp\libsodium\obj\libsodium\win32\debug\v142\ltcg\blake2b-compress-ref.obj
g:\secudp\libsodium\obj\libsodium\win32\debug\v142\ltcg\sign_ed25519.obj
g:\secudp\libsodium\obj\libsodium\win32\debug\v142\ltcg\secretbox_xsalsa20poly1305.obj
g:\secudp\libsodium\obj\libsodium\win32\debug\v142\ltcg\argon2-core.obj
g:\secudp\libsodium\obj\libsodium\win32\debug\v142\ltcg\scrypt_platform.obj
g:\secudp\libsodium\obj\libsodium\win32\debug\v142\ltcg\pwhash_scryptsalsa208sha256_sse.obj
g:\secudp\libsodium\obj\libsodium\win32\debug\v142\ltcg\scalarmult_ristretto255_ref10.obj
g:\secudp\libsodium\obj\libsodium\win32\debug\v142\ltcg\randombytes_internal_random.obj
g:\secudp\libsodium\obj\libsodium\win32\debug\v142\ltcg\aead_chacha20poly1305.obj
g:\secudp\libsodium\obj\libsodium\win32\debug\v142\ltcg\crypto_generichash.obj
g:\secudp\libsodium\obj\libsodium\win32\debug\v142\ltcg\crypto_secretbox_easy.obj
g:\secudp\libsodium\obj\libsodium\win32\debug\v142\ltcg\argon2-fill-block-avx512f.obj
g:\secudp\libsodium\obj\libsodium\win32\debug\v142\ltcg\argon2-encoding.obj
g:\secudp\libsodium\obj\libsodium\win32\debug\v142\ltcg\verify.obj
g:\secudp\libsodium\obj\libsodium\win32\debug\v142\ltcg\auth_hmacsha256.obj
g:\secudp\libsodium\obj\libsodium\win32\debug\v142\ltcg\crypto_shorthash.obj
g:\secudp\libsodium\obj\libsodium\win32\debug\v142\ltcg\shorthash_siphashx24_ref.obj
g:\secudp\libsodium\obj\libsodium\win32\debug\v142\ltcg\poly1305_sse2.obj
g:\secudp\libsodium\obj\libsodium\win32\debug\v142\ltcg\core.obj
g:\secudp\libsodium\obj\libsodium\win32\debug\v142\ltcg\core_ristretto255.obj
g:\secudp\libsodium\obj\libsodium\win32\debug\v142\ltcg\generichash_blake2.obj
g:\secudp\libsodium\obj\libsodium\win32\debug\v142\ltcg\crypto_kx.obj
g:\secudp\libsodium\obj\libsodium\win32\debug\v142\ltcg\secretbox_xchacha20poly1305.obj
g:\secudp\libsodium\obj\libsodium\win32\debug\v142\ltcg\argon2.obj
g:\secudp\libsodium\obj\libsodium\win32\debug\v142\ltcg\pwhash_scryptsalsa208sha256.obj
g:\secudp\libsodium\obj\libsodium\win32\debug\v142\ltcg\shorthash_siphash24.obj
g:\secudp\libsodium\obj\libsodium\win32\debug\v142\ltcg\scalarmult_ed25519_ref10.obj
g:\secudp\libsodium\obj\libsodium\win32\debug\v142\ltcg\randombytes_sysrandom.obj
g:\secudp\libsodium\obj\libsodium\win32\debug\v142\ltcg\core_hchacha20.obj
g:\secudp\libsodium\obj\libsodium\win32\debug\v142\ltcg\blake2b-compress-sse41.obj
g:\secudp\libsodium\obj\libsodium\win32\debug\v142\ltcg\keypair.obj
g:\secudp\libsodium\obj\libsodium\win32\debug\v142\ltcg\pwhash_argon2i.obj
g:\secudp\libsodium\obj\libsodium\win32\debug\v142\ltcg\auth_hmacsha512256.obj
g:\secudp\libsodium\obj\libsodium\win32\debug\v142\ltcg\curve25519_sandy2x.obj
g:\secudp\libsodium\obj\libsodium\win32\debug\v142\ltcg\fe_frombytes_sandy2x.obj
g:\secudp\libsodium\obj\libsodium\win32\debug\v142\ltcg\x25519_ref10.obj
g:\secudp\libsodium\obj\libsodium\win32\debug\v142\ltcg\crypto_box_easy.obj
g:\secudp\libsodium\obj\libsodium\win32\debug\v142\ltcg\box_curve25519xchacha20poly1305.obj
g:\secudp\libsodium\obj\libsodium\win32\debug\v142\ltcg\crypto_stream.obj
g:\secudp\libsodium\obj\libsodium\win32\debug\v142\ltcg\stream_chacha20.obj
g:\secudp\libsodium\obj\libsodium\win32\debug\v142\ltcg\stream_salsa20.obj
g:\secudp\libsodium\obj\libsodium\win32\debug\v142\ltcg\stream_salsa2012.obj
g:\secudp\libsodium\obj\libsodium\win32\debug\v142\ltcg\stream_xsalsa20.obj
g:\secudp\libsodium\obj\libsodium\win32\debug\v142\ltcg\hash_sha512_cp.obj
g:\secudp\libsodium\obj\libsodium\win32\debug\v142\ltcg\secretstream_xchacha20poly1305.obj
g:\secudp\libsodium\obj\libsodium\win32\debug\v142\ltcg\blake2b-compress-avx2.obj
g:\secudp\libsodium\obj\libsodium\win32\debug\v142\ltcg\crypto_sign.obj
g:\secudp\libsodium\obj\libsodium\win32\debug\v142\ltcg\crypto_secretbox.obj
g:\secudp\libsodium\obj\libsodium\win32\debug\v142\ltcg\blake2b-long.obj
g:\secudp\libsodium\obj\libsodium\win32\debug\v142\ltcg\pwhash_argon2id.obj
g:\secudp\libsodium\obj\libsodium\win32\debug\v142\ltcg\pwhash_scryptsalsa208sha256_nosse.obj
g:\secudp\libsodium\obj\libsodium\win32\debug\v142\ltcg\crypto_scalarmult.obj
g:\secudp\libsodium\obj\libsodium\win32\debug\v142\ltcg\crypto_onetimeauth.obj
g:\secudp\libsodium\obj\libsodium\win32\debug\v142\ltcg\crypto_box_seal.obj
g:\secudp\libsodium\obj\libsodium\win32\debug\v142\ltcg\box_seal_curve25519xchacha20poly1305.obj
g:\secudp\libsodium\obj\libsodium\win32\debug\v142\ltcg\chacha20_dolbeau-avx2.obj
g:\secudp\libsodium\obj\libsodium\win32\debug\v142\ltcg\salsa20_ref.obj
g:\secudp\libsodium\obj\libsodium\win32\debug\v142\ltcg\salsa20_xmm6int-sse2.obj
g:\secudp\libsodium\obj\libsodium\win32\debug\v142\ltcg\hash_sha512.obj
g:\secudp\libsodium\obj\libsodium\win32\debug\v142\ltcg\hash_sha256_cp.obj
g:\secudp\libsodium\obj\libsodium\win32\debug\v142\ltcg\core_salsa_ref.obj
g:\secudp\libsodium\obj\libsodium\win32\debug\v142\ltcg\ed25519_ref10.obj
g:\secudp\libsodium\obj\libsodium\win32\debug\v142\ltcg\generichash_blake2b.obj
g:\secudp\libsodium\obj\libsodium\win32\debug\v142\ltcg\sign.obj
g:\secudp\libsodium\obj\libsodium\win32\debug\v142\ltcg\argon2-fill-block-ssse3.obj
g:\secudp\libsodium\obj\libsodium\win32\debug\v142\ltcg\crypto_auth.obj
g:\secudp\libsodium\obj\libsodium\win32\debug\v142\ltcg\kdf_blake2b.obj
g:\secudp\libsodium\obj\libsodium\win32\debug\v142\ltcg\onetimeauth_poly1305.obj
g:\secudp\libsodium\obj\libsodium\win32\debug\v142\ltcg\codecs.obj
g:\secudp\libsodium\obj\libsodium\win32\debug\v142\ltcg\version.obj
g:\secudp\libsodium\obj\libsodium\win32\debug\v142\ltcg\stream_xchacha20.obj
g:\secudp\libsodium\obj\libsodium\win32\debug\v142\ltcg\chacha20_dolbeau-ssse3.obj
g:\secudp\libsodium\obj\libsodium\win32\debug\v142\ltcg\salsa20_xmm6.obj
g:\secudp\libsodium\obj\libsodium\win32\debug\v142\ltcg\stream_salsa2012_ref.obj
g:\secudp\libsodium\obj\libsodium\win32\debug\v142\ltcg\stream_salsa208_ref.obj
g:\secudp\libsodium\obj\libsodium\win32\debug\v142\ltcg\crypto_hash.obj
g:\secudp\libsodium\obj\libsodium\win32\debug\v142\ltcg\aead_xchacha20poly1305.obj
g:\secudp\libsodium\obj\libsodium\win32\debug\v142\ltcg\core_hsalsa20_ref2.obj
g:\secudp\libsodium\obj\libsodium\win32\debug\v142\ltcg\blake2b-compress-ssse3.obj
g:\secudp\libsodium\obj\libsodium\win32\debug\v142\ltcg\open.obj
g:\secudp\libsodium\obj\libsodium\win32\debug\v142\ltcg\argon2-fill-block-avx2.obj
g:\secudp\libsodium\obj\libsodium\win32\debug\v142\ltcg\pbkdf2-sha256.obj
g:\secudp\libsodium\obj\libsodium\win32\debug\v142\ltcg\crypto_kdf.obj
g:\secudp\libsodium\obj\libsodium\win32\debug\v142\ltcg\shorthash_siphashx24.obj
g:\secudp\libsodium\obj\libsodium\win32\debug\v142\ltcg\scalarmult_curve25519.obj
g:\secudp\libsodium\obj\libsodium\win32\debug\v142\ltcg\fe51_invert.obj
g:\secudp\libsodium\obj\libsodium\win32\debug\v142\ltcg\randombytes.obj
g:\secudp\libsodium\obj\libsodium\win32\debug\v142\ltcg\crypto_box.obj
g:\secudp\libsodium\obj\libsodium\win32\debug\v142\ltcg\runtime.obj
g:\secudp\libsodium\obj\libsodium\win32\debug\v142\ltcg\chacha20_ref.obj
g:\secudp\libsodium\obj\libsodium\win32\debug\v142\ltcg\salsa20_xmm6int-avx2.obj
g:\secudp\libsodium\obj\libsodium\win32\debug\v142\ltcg\stream_salsa208.obj
g:\secudp\libsodium\obj\libsodium\win32\debug\v142\ltcg\hash_sha256.obj
g:\secudp\libsodium\obj\libsodium\win32\debug\v142\ltcg\aead_aes256gcm_aesni.obj
g:\secudp\libsodium\obj\libsodium\win32\debug\v142\ltcg\core_hsalsa20.obj
g:\secudp\libsodium\obj\libsodium\win32\debug\v142\ltcg\core_ed25519.obj
g:\secudp\libsodium\obj\libsodium\win32\debug\v142\ltcg\blake2b-ref.obj
g:\secudp\libsodium\obj\libsodium\win32\debug\v142\ltcg\obsolete.obj
g:\secudp\libsodium\obj\libsodium\win32\debug\v142\ltcg\crypto_pwhash.obj
g:\secudp\libsodium\obj\libsodium\win32\debug\v142\ltcg\argon2-fill-block-ref.obj
g:\secudp\libsodium\obj\libsodium\win32\debug\v142\ltcg\crypto_scrypt-common.obj
g:\secudp\libsodium\obj\libsodium\win32\debug\v142\ltcg\auth_hmacsha512.obj
g:\secudp\libsodium\obj\libsodium\win32\debug\v142\ltcg\shorthash_siphash24_ref.obj
g:\secudp\libsodium\obj\libsodium\win32\debug\v142\ltcg\poly1305_donna.obj
g:\secudp\libsodium\obj\libsodium\win32\debug\v142\ltcg\box_curve25519xsalsa20poly1305.obj
g:\secudp\libsodium\obj\libsodium\win32\debug\v142\ltcg\utils.obj
g:\secudp\libsodium\bin\win32\debug\v142\ltcg\libsodium.lib
g:\secudp\libsodium\builds\msvc\vs2019\libsodium\..\..\..\..\obj\libsodium\win32\debug\v142\ltcg\vcpkg.applocal.log
g:\secudp\libsodium\obj\libsodium\win32\debug\v142\ltcg\resource.res
g:\secudp\libsodium\builds\msvc\vs2019\libsodium\..\..\..\..\bin\win32\debug\v142\ltcg\libsodium.lib
g:\secudp\libsodium\obj\libsodium\win32\debug\v142\ltcg\libsodium.tlog\cl.10120.write.1.tlog
g:\secudp\libsodium\obj\libsodium\win32\debug\v142\ltcg\libsodium.tlog\cl.command.1.tlog
g:\secudp\libsodium\obj\libsodium\win32\debug\v142\ltcg\libsodium.tlog\cl.read.1.tlog
g:\secudp\libsodium\obj\libsodium\win32\debug\v142\ltcg\libsodium.tlog\lib-link-cvtres.read.1.tlog
g:\secudp\libsodium\obj\libsodium\win32\debug\v142\ltcg\libsodium.tlog\lib-link-cvtres.write.1.tlog
g:\secudp\libsodium\obj\libsodium\win32\debug\v142\ltcg\libsodium.tlog\lib.command.1.tlog
g:\secudp\libsodium\obj\libsodium\win32\debug\v142\ltcg\libsodium.tlog\libsodium.write.1u.tlog
g:\secudp\libsodium\obj\libsodium\win32\debug\v142\ltcg\libsodium.tlog\rc.command.1.tlog
g:\secudp\libsodium\obj\libsodium\win32\debug\v142\ltcg\libsodium.tlog\rc.read.1.tlog
g:\secudp\libsodium\obj\libsodium\win32\debug\v142\ltcg\libsodium.tlog\rc.write.1.tlog
